<?xml version="1.0" encoding="UTF-8"?>
<!-- Generated by org.testng.reporters.JUnitXMLReporter -->
<testsuite hostname="lishuang-PC" name="Mi_4C_Index" tests="3" failures="0" timestamp="22 Mar 2017 03:16:59 GMT" time="10.58" errors="0">
  <testcase name="IndexNoUpdate" time="4.76" classname="jiankun.com.xiaoyou.cases.XiaoYouIndex"/>
  <testcase name="verifyClickOldLoginButton" time="1.534" classname="jiankun.com.xiaoyou.cases.XiaoYouIndex"/>
  <testcase name="verifyClickNewLoginButton" time="1.898" classname="jiankun.com.xiaoyou.cases.XiaoYouIndex"/>
</testsuite> <!-- Mi_4C_Index -->
