<?xml version="1.0" encoding="UTF-8"?>
<!-- Generated by org.testng.reporters.JUnitXMLReporter -->
<testsuite hostname="lishuang-PC" name="MOTO_X_Index" tests="3" failures="0" timestamp="22 Mar 2017 03:17:01 GMT" time="13.255" errors="0">
  <testcase name="IndexNoUpdate" time="7.546" classname="jiankun.com.xiaoyou.cases.XiaoYouIndex"/>
  <testcase name="verifyClickOldLoginButton" time="1.294" classname="jiankun.com.xiaoyou.cases.XiaoYouIndex"/>
  <testcase name="verifyClickNewLoginButton" time="1.998" classname="jiankun.com.xiaoyou.cases.XiaoYouIndex"/>
</testsuite> <!-- MOTO_X_Index -->
