<?xml version="1.0" encoding="UTF-8"?>
<!-- Generated by org.testng.reporters.JUnitXMLReporter -->
<testsuite hostname="lishuang-PC" name="OnePlus_1+_Index" tests="3" failures="0" timestamp="21 Mar 2017 08:07:48 GMT" time="10.536" errors="0">
  <testcase name="IndexNoUpdate" time="3.842" classname="jiankun.com.xiaoyou.cases.XiaoYouIndex"/>
  <testcase name="verifyClickOldLoginButton" time="1.265" classname="jiankun.com.xiaoyou.cases.XiaoYouIndex"/>
  <testcase name="verifyClickNewLoginButton" time="1.644" classname="jiankun.com.xiaoyou.cases.XiaoYouIndex"/>
</testsuite> <!-- OnePlus_1+_Index -->
