<?xml version="1.0" encoding="UTF-8"?>
<!-- Generated by org.testng.reporters.JUnitXMLReporter -->
<testsuite hostname="lishuang-PC" name="SAMSUNG_Galaxy_A8_Index" tests="3" failures="0" timestamp="22 Mar 2017 03:17:04 GMT" time="16.597" errors="0">
  <testcase name="IndexNoUpdate" time="4.716" classname="jiankun.com.xiaoyou.cases.XiaoYouIndex"/>
  <testcase name="verifyClickOldLoginButton" time="1.963" classname="jiankun.com.xiaoyou.cases.XiaoYouIndex"/>
  <testcase name="verifyClickNewLoginButton" time="4.275" classname="jiankun.com.xiaoyou.cases.XiaoYouIndex"/>
</testsuite> <!-- SAMSUNG_Galaxy_A8_Index -->
