<?xml version="1.0" encoding="UTF-8"?>
<!-- Generated by org.testng.reporters.JUnitXMLReporter -->
<testsuite hostname="lishuang-PC" name="SAMSUNG_Note4_Index" tests="3" failures="0" timestamp="22 Mar 2017 03:17:01 GMT" time="12.944" errors="0">
  <testcase name="IndexNoUpdate" time="4.694" classname="jiankun.com.xiaoyou.cases.XiaoYouIndex"/>
  <testcase name="verifyClickOldLoginButton" time="1.392" classname="jiankun.com.xiaoyou.cases.XiaoYouIndex"/>
  <testcase name="verifyClickNewLoginButton" time="1.815" classname="jiankun.com.xiaoyou.cases.XiaoYouIndex"/>
</testsuite> <!-- SAMSUNG_Note4_Index -->
